<?xml version="1.0" encoding="UTF-8"?>
<!-- Generated by org.testng.reporters.JUnitReportReporter -->
<testsuite hostname="DESKTOP-J1VMOD3" failures="0" tests="3" name="TestCase.RequestDemoTestCase" time="16.454" errors="0" timestamp="2024-02-12T23:40:27 IST" skipped="0">
  <testcase classname="TestCase.RequestDemoTestCase" name="verifyRequestDemoOnOurStory" time="6.874"/>
  <testcase classname="TestCase.RequestDemoTestCase" name="verifyRequestDemoOnWhyTendable" time="3.468"/>
  <testcase classname="TestCase.RequestDemoTestCase" name="verifyRequestDemoOnOurSolution" time="6.112"/>
</testsuite> <!-- TestCase.RequestDemoTestCase -->
