<?xml version="1.0" encoding="UTF-8"?>
<!-- Generated by org.testng.reporters.JUnitReportReporter -->
<testsuite hostname="DESKTOP-J1VMOD3" failures="0" tests="2" name="TestCase.ContactUsTestCase" time="5.753" errors="0" timestamp="2024-02-12T19:31:29 IST" skipped="0">
  <testcase classname="TestCase.ContactUsTestCase" name="verifyContactUs" time="2.556"/>
  <testcase classname="TestCase.ContactUsTestCase" name="verifyMarkatingContactUs" time="3.197"/>
</testsuite> <!-- TestCase.ContactUsTestCase -->
