<?xml version="1.0" encoding="UTF-8"?>
<!-- Generated by org.testng.reporters.JUnitReportReporter -->
<testsuite hostname="DESKTOP-J1VMOD3" failures="0" tests="6" name="TestCase.HomePageTestCase" time="0.575" errors="0" timestamp="2024-02-12T15:19:55 IST" skipped="0">
  <testcase classname="TestCase.HomePageTestCase" name="verifyIsVisibleOurSoluation" time="0.054"/>
  <testcase classname="TestCase.HomePageTestCase" name="verifyIsEnabledOurSoluation" time="0.069"/>
  <testcase classname="TestCase.HomePageTestCase" name="verifyIsVisiableCheckWhyTendable" time="0.091"/>
  <testcase classname="TestCase.HomePageTestCase" name="verifyIsVisibleMyStory" time="0.148"/>
  <testcase classname="TestCase.HomePageTestCase" name="verifyIsEnabledCheckWhyTendable" time="0.144"/>
  <testcase classname="TestCase.HomePageTestCase" name="verifyIsEnabledMyStory" time="0.069"/>
</testsuite> <!-- TestCase.HomePageTestCase -->
